Flutter crash report.
Please report a bug at https://github.com/flutter/flutter/issues.

## command

flutter run -d chrome -t lib/main_working.dart

## exception

DartDevelopmentServiceException: DartDevelopmentServiceException: Failed to start Dart Development Service

```
```

## flutter doctor

```
[33m[!][39m Flutter (Channel stable, 3.38.5, on Microsoft Windows [Version 10.0.26200.7840], locale en-US) [3.5s]
    [32m•[39m Flutter version 3.38.5 on channel stable at C:\tools\flutter
    [33m![39m Warning: `dart` on your path resolves to C:\tools\dart-sdk\bin\dart.exe, which is not inside your current Flutter SDK checkout at C:\tools\flutter. Consider adding C:\tools\flutter\bin to the front of your path.
    [32m•[39m Upstream repository https://github.com/flutter/flutter.git
    [32m•[39m Framework revision f6ff1529fd (3 months ago), 2025-12-11 11:50:07 -0500
    [32m•[39m Engine revision 1527ae0ec5
    [32m•[39m Dart version 3.10.4
    [32m•[39m DevTools version 2.51.1
    [32m•[39m Feature flags: enable-web, enable-linux-desktop, enable-macos-desktop, enable-windows-desktop, enable-android, enable-ios, cli-animations, enable-native-assets, omit-legacy-version-file, enable-lldb-debugging
    [32m•[39m If those were intentional, you can disregard the above warnings; however it is recommended to use "git" directly to perform update checks and upgrades.

[32m[✓][39m Windows Version (Windows 11 or higher, 25H2, 2009) [11.0s]

[31m[✗][39m Android toolchain - develop for Android devices [2.1s]
    [31m✗[39m Unable to locate Android SDK.
      Install Android Studio from: https://developer.android.com/studio/index.html
      On first launch it will assist you in installing the Android SDK components.
      (or visit https://flutter.dev/to/windows-android-setup for detailed instructions).
      If the Android SDK has been installed to a custom location, please use
      `flutter config --android-sdk` to update to that location.


[32m[✓][39m Chrome - develop for the web [2.1s]
    [32m•[39m Chrome at C:\Program Files\Google\Chrome\Application\chrome.exe

[31m[✗][39m Visual Studio - develop Windows apps [2.1s]
    [31m✗[39m Visual Studio not installed; this is necessary to develop Windows apps.
      Download at https://visualstudio.microsoft.com/downloads/.
      Please install the "Desktop development with C++" workload, including all of its default components

[32m[✓][39m Connected device (3 available) [80ms]
    [32m•[39m Windows (desktop) • windows • windows-x64    • Microsoft Windows [Version 10.0.26200.7840]
    [32m•[39m Chrome (web)      • chrome  • web-javascript • Google Chrome 145.0.7632.110
    [32m•[39m Edge (web)        • edge    • web-javascript • Microsoft Edge 145.0.3800.65

[32m[✓][39m Network resources [2.2s]
    [32m•[39m All expected network resources are available.

[33m![39m Doctor found issues in 3 categories.
```
